7148 1:<FETCH> 
7148 1:<FETCH> ************************************************************
7148 1:<FETCH> 
7148 1:<FETCH> Number of instructions: 7137
7148 1:<FETCH> Number of simulated cycles: 7148
7148 1:<FETCH> CPI: 1.00
7148 1:<FETCH> Int Conditional Branches: 768
7148 1:<FETCH> Jump and Link: 27
7148 1:<FETCH> Jump Register: 25
7148 1:<FETCH> Number of fp instructions: 2
7148 1:<FETCH> Number of loads: 361
7148 1:<FETCH> Number of syscall emulated loads: 86
7148 1:<FETCH> Number of stores: 1142
7148 1:<FETCH> Number of syscall emulated stores: 46
7148 1:<FETCH> 
7148 1:<FETCH> _remove_num_lwl: 0
7148 1:<FETCH> _remove_num_lwr: 0
7148 1:<FETCH> _remove_num_swl: 0
7148 1:<FETCH> _remove_num_swr: 0
7148 1:<FETCH> 
